Arguments: 
  /usr/local/bin/node /home/f1/.npm-global/bin/yarn

PATH: 
  /home/f1/.npm-global/bin:/usr/local/sbin:/usr/local/bin:/usr/sbin:/usr/bin:/sbin:/bin:/usr/games:/usr/local/games:/snap/bin

Yarn version: 
  1.22.17

Node version: 
  17.3.0

Platform: 
  linux x64

Trace: 
  SyntaxError: /home/f1/Programación/MONEY CHALLENGE/flo-money-frontend/package.json: Unexpected token } in JSON at position 1380
      at JSON.parse (<anonymous>)
      at /home/f1/.npm-global/lib/node_modules/yarn/lib/cli.js:1625:59
      at Generator.next (<anonymous>)
      at step (/home/f1/.npm-global/lib/node_modules/yarn/lib/cli.js:310:30)
      at /home/f1/.npm-global/lib/node_modules/yarn/lib/cli.js:321:13

npm manifest: 
  {
    "name": "flo-money",
    "version": "0.0.0",
    "scripts": {
      "dev": "vite",
      "build": "tsc && vite build",
      "preview": "vite preview"
    },
    "dependencies": {
      "@chakra-ui/icons": "^1.1.5",
      "@chakra-ui/react": "^1.8.3",
      "@emotion/react": "^11",
      "@emotion/styled": "^11",
      "chart.js": "^2.9.4",
      "formik": "^2.2.9",
      "framer-motion": "^5",
      "hoist-non-react-statics": "^3.3.2",
      "react": "^17.0.2",
      "react-chartjs-2": "^2.11.2",
      "react-dom": "^17.0.2",
      "react-icons": "^4.3.1",
      "react-router-dom": "^6.2.1",
      "victory-chart": "^36.2.1",
      "yup": "^0.32.11"
    },
    "devDependencies": {
      "@testing-library/react": "^12.1.2",
      "@testing-library/user-event": "^13.5.0",
      "@types/react": "^17.0.33",
      "@types/react-dom": "^17.0.10",
      "@typescript-eslint/eslint-plugin": "^5.10.0",
      "@typescript-eslint/parser": "^5.10.0",
      "@vitejs/plugin-react": "^1.0.7",
      "eslint": "^7.32.0",
      "eslint-config-prettier": "^8.3.0",
      "eslint-config-standard": "^16.0.3",
      "eslint-plugin-import": "^2.25.4",
      "eslint-plugin-node": "^11.1.0",
      "eslint-plugin-prettier": "^4.0.0",
      "eslint-plugin-promise": "^6.0.0",
      "eslint-plugin-react": "^7.28.0",
      "eslint-plugin-react-hooks": "^4.3.0",
      "prettier": "^2.5.1",
      "ts-node": "^10.4.0",
      "typescript": "^4.4.4",
      "vite": "^2.7.2",
    }
  }

yarn manifest: 
  No manifest

Lockfile: 
  # THIS IS AN AUTOGENERATED FILE. DO NOT EDIT THIS FILE DIRECTLY.
  # yarn lockfile v1
